<?xml version="1.0" encoding="UTF-8"?>
<robot generator="Robot 3.1 (Python 3.7.0 on win32)" generated="20181207 22:47:47.286" rpa="false">
<suite id="s1" name="Test2" source="C:\Users\Andres\PycharmProjects\roobot-scripts\L1\Tests\Test2.robot">
<test id="s1-t1" name="user must sign in">
<kw name="Open Browser" library="SeleniumLibrary">
<doc>Opens a new browser instance to the given ``url``.</doc>
<arguments>
<arg>https://www.amazon.com</arg>
<arg>ie</arg>
</arguments>
<msg timestamp="20181207 22:47:47.400" level="INFO">Opening browser 'ie' to base url 'https://www.amazon.com'.</msg>
<status status="PASS" starttime="20181207 22:47:47.400" endtime="20181207 22:47:49.509"></status>
</kw>
<kw name="Sleep" library="BuiltIn">
<doc>Pauses the test executed for the given time.</doc>
<arguments>
<arg>3s</arg>
</arguments>
<msg timestamp="20181207 22:47:52.510" level="INFO">Slept 3 seconds</msg>
<status status="PASS" starttime="20181207 22:47:49.510" endtime="20181207 22:47:52.510"></status>
</kw>
<kw name="Close Browser" library="SeleniumLibrary">
<doc>Closes the current browser.</doc>
<status status="PASS" starttime="20181207 22:47:52.510" endtime="20181207 22:47:56.645"></status>
</kw>
<doc>This Test will open amazon and close it after 3 seconds</doc>
<tags>
<tag>Smoke</tag>
</tags>
<status status="PASS" starttime="20181207 22:47:47.400" endtime="20181207 22:47:56.645" critical="yes"></status>
</test>
<doc>High level information</doc>
<status status="PASS" starttime="20181207 22:47:47.287" endtime="20181207 22:47:56.646"></status>
</suite>
<statistics>
<total>
<stat pass="1" fail="0">Critical Tests</stat>
<stat pass="1" fail="0">All Tests</stat>
</total>
<tag>
<stat pass="1" fail="0">Smoke</stat>
</tag>
<suite>
<stat pass="1" fail="0" id="s1" name="Test2">Test2</stat>
</suite>
</statistics>
<errors>
</errors>
</robot>
